<?xml version="1.0" encoding="UTF-8"?>
<testng-results ignored="0" total="6" passed="3" failed="3" skipped="0">
  <reporter-output>
  </reporter-output>
  <suite started-at="2022-03-05T14:47:18Z" name="RegressionSuite" finished-at="2022-03-05T14:50:19Z" duration-ms="180986">
    <groups>
    </groups>
    <test started-at="2022-03-05T14:47:18Z" name="MyAccount Feature" finished-at="2022-03-05T14:48:50Z" duration-ms="92363">
      <class name="com.absoft.tests.MyAccountPageTest">
        <test-method is-config="true" signature="extentReportBeforeClass()[pri:0, instance:com.absoft.tests.MyAccountPageTest@6a370f4]" started-at="2022-03-05T14:47:18Z" name="extentReportBeforeClass" finished-at="2022-03-05T14:47:18Z" duration-ms="15" status="PASS">
          <reporter-output>
          </reporter-output>
        </test-method> <!-- extentReportBeforeClass -->
        <test-method is-config="true" signature="extentReportBeforeMethod(java.lang.reflect.Method)[pri:0, instance:com.absoft.tests.MyAccountPageTest@6a370f4]" started-at="2022-03-05T14:47:18Z" name="extentReportBeforeMethod" finished-at="2022-03-05T14:47:18Z" duration-ms="11" status="PASS">
          <params>
            <param index="0">
              <value>
                <![CDATA[public void com.absoft.tests.MyAccountPageTest.testPageTitle()]]>
              </value>
            </param>
          </params>
          <reporter-output>
          </reporter-output>
        </test-method> <!-- extentReportBeforeMethod -->
        <test-method is-config="true" signature="testSetup(java.lang.reflect.Method)[pri:0, instance:com.absoft.tests.MyAccountPageTest@6a370f4]" started-at="2022-03-05T14:47:18Z" name="testSetup" finished-at="2022-03-05T14:47:29Z" duration-ms="11345" status="PASS">
          <params>
            <param index="0">
              <value>
                <![CDATA[public void com.absoft.tests.MyAccountPageTest.testPageTitle()]]>
              </value>
            </param>
          </params>
          <reporter-output>
          </reporter-output>
        </test-method> <!-- testSetup -->
        <test-method signature="testPageTitle()[pri:0, instance:com.absoft.tests.MyAccountPageTest@6a370f4]" started-at="2022-03-05T14:47:29Z" name="testPageTitle" finished-at="2022-03-05T14:47:30Z" duration-ms="1189" status="FAIL">
          <exception class="java.lang.AssertionError">
            <message>
              <![CDATA[ERROR: Page Title is NOT Correct expected [My Account | ABSoft Trainings – E-Commerce test web site] but found [My Account | MeritPros Test1 Site | E-Commerce Test Web Site for MeritPros Students]]]>
            </message>
            <full-stacktrace>
              <![CDATA[java.lang.AssertionError: ERROR: Page Title is NOT Correct expected [My Account | ABSoft Trainings – E-Commerce test web site] but found [My Account | MeritPros Test1 Site | E-Commerce Test Web Site for MeritPros Students]
at org.testng.Assert.fail(Assert.java:96)
at org.testng.Assert.failNotEquals(Assert.java:776)
at org.testng.Assert.assertEqualsImpl(Assert.java:137)
at org.testng.Assert.assertEquals(Assert.java:118)
at org.testng.Assert.assertEquals(Assert.java:453)
at com.absoft.tests.MyAccountPageTest.testPageTitle(MyAccountPageTest.java:34)
at java.base/jdk.internal.reflect.NativeMethodAccessorImpl.invoke0(Native Method)
at java.base/jdk.internal.reflect.NativeMethodAccessorImpl.invoke(NativeMethodAccessorImpl.java:62)
at java.base/jdk.internal.reflect.DelegatingMethodAccessorImpl.invoke(DelegatingMethodAccessorImpl.java:43)
at java.base/java.lang.reflect.Method.invoke(Method.java:566)
at org.testng.internal.MethodInvocationHelper.invokeMethod(MethodInvocationHelper.java:124)
at org.testng.internal.Invoker.invokeMethod(Invoker.java:583)
at org.testng.internal.Invoker.invokeTestMethod(Invoker.java:719)
at org.testng.internal.Invoker.invokeTestMethods(Invoker.java:989)
at org.testng.internal.TestMethodWorker.invokeTestMethods(TestMethodWorker.java:125)
at org.testng.internal.TestMethodWorker.run(TestMethodWorker.java:109)
at org.testng.TestRunner.privateRun(TestRunner.java:648)
at org.testng.TestRunner.run(TestRunner.java:505)
at org.testng.SuiteRunner.runTest(SuiteRunner.java:455)
at org.testng.SuiteRunner.runSequentially(SuiteRunner.java:450)
at org.testng.SuiteRunner.privateRun(SuiteRunner.java:415)
at org.testng.SuiteRunner.run(SuiteRunner.java:364)
at org.testng.SuiteRunnerWorker.runSuite(SuiteRunnerWorker.java:52)
at org.testng.SuiteRunnerWorker.run(SuiteRunnerWorker.java:84)
at org.testng.TestNG.runSuitesSequentially(TestNG.java:1208)
at org.testng.TestNG.runSuitesLocally(TestNG.java:1137)
at org.testng.TestNG.runSuites(TestNG.java:1049)
at org.testng.TestNG.run(TestNG.java:1017)
at org.testng.remote.AbstractRemoteTestNG.run(AbstractRemoteTestNG.java:115)
at org.testng.remote.RemoteTestNG.initAndRun(RemoteTestNG.java:251)
at org.testng.remote.RemoteTestNG.main(RemoteTestNG.java:77)
]]>
            </full-stacktrace>
          </exception> <!-- java.lang.AssertionError -->
          <reporter-output>
          </reporter-output>
        </test-method> <!-- testPageTitle -->
        <test-method is-config="true" signature="testCleanUp(org.testng.ITestResult)[pri:0, instance:com.absoft.tests.MyAccountPageTest@6a370f4]" started-at="2022-03-05T14:47:30Z" name="testCleanUp" finished-at="2022-03-05T14:47:32Z" duration-ms="1998" status="PASS">
          <params>
            <param index="0">
              <value>
                <![CDATA[[TestResult name=testPageTitle status=FAILURE method=MyAccountPageTest.testPageTitle()[pri:0, instance:com.absoft.tests.MyAccountPageTest@6a370f4] output={null}]]]>
              </value>
            </param>
          </params>
          <reporter-output>
          </reporter-output>
        </test-method> <!-- testCleanUp -->
        <test-method is-config="true" signature="extentReportAfterMethod(org.testng.ITestResult)[pri:0, instance:com.absoft.tests.MyAccountPageTest@6a370f4]" started-at="2022-03-05T14:47:32Z" name="extentReportAfterMethod" finished-at="2022-03-05T14:47:35Z" depends-on-methods="com.absoft.tests.TestBase.testCleanUp" duration-ms="2170" status="PASS">
          <params>
            <param index="0">
              <value>
                <![CDATA[[TestResult name=testPageTitle status=FAILURE method=MyAccountPageTest.testPageTitle()[pri:0, instance:com.absoft.tests.MyAccountPageTest@6a370f4] output={null}]]]>
              </value>
            </param>
          </params>
          <reporter-output>
          </reporter-output>
        </test-method> <!-- extentReportAfterMethod -->
        <test-method is-config="true" signature="extentReportBeforeMethod(java.lang.reflect.Method)[pri:0, instance:com.absoft.tests.MyAccountPageTest@6a370f4]" started-at="2022-03-05T14:47:36Z" name="extentReportBeforeMethod" finished-at="2022-03-05T14:47:36Z" duration-ms="1" status="PASS">
          <params>
            <param index="0">
              <value>
                <![CDATA[public void com.absoft.tests.MyAccountPageTest.testSuccessfulLogin(java.lang.String,java.lang.String)]]>
              </value>
            </param>
          </params>
          <reporter-output>
          </reporter-output>
        </test-method> <!-- extentReportBeforeMethod -->
        <test-method is-config="true" signature="testSetup(java.lang.reflect.Method)[pri:0, instance:com.absoft.tests.MyAccountPageTest@6a370f4]" started-at="2022-03-05T14:47:36Z" name="testSetup" finished-at="2022-03-05T14:47:53Z" duration-ms="16117" status="PASS">
          <params>
            <param index="0">
              <value>
                <![CDATA[public void com.absoft.tests.MyAccountPageTest.testSuccessfulLogin(java.lang.String,java.lang.String)]]>
              </value>
            </param>
          </params>
          <reporter-output>
          </reporter-output>
        </test-method> <!-- testSetup -->
        <test-method signature="testSuccessfulLogin(java.lang.String, java.lang.String)[pri:0, instance:com.absoft.tests.MyAccountPageTest@6a370f4]" started-at="2022-03-05T14:47:53Z" name="testSuccessfulLogin" data-provider="dataProvider" finished-at="2022-03-05T14:48:47Z" duration-ms="54183" status="FAIL">
          <params>
            <param index="0">
              <value>
                <![CDATA[testuser5]]>
              </value>
            </param>
            <param index="1">
              <value>
                <![CDATA[testpwd5_FAIL]]>
              </value>
            </param>
          </params>
          <exception class="org.openqa.selenium.NoSuchElementException">
            <message>
              <![CDATA[no such element: Unable to locate element: {"method":"css selector","selector":"#user_info"}
  (Session info: chrome=99.0.4844.51)
For documentation on this error, please visit: https://www.seleniumhq.org/exceptions/no_such_element.html
Build info: version: '3.141.59', revision: 'e82be7d358', time: '2018-11-14T08:17:03'
System info: host: 'OLADELE', ip: '192.168.153.1', os.name: 'Windows 8.1', os.arch: 'amd64', os.version: '6.3', java.version: '11.0.2'
Driver info: org.openqa.selenium.chrome.ChromeDriver
Capabilities {acceptInsecureCerts: false, browserName: chrome, browserVersion: 99.0.4844.51, chrome: {chromedriverVersion: 99.0.4844.51 (d537ec02474b5..., userDataDir: C:\Users\Julius\AppData\Loc...}, goog:chromeOptions: {debuggerAddress: localhost:62508}, javascriptEnabled: true, networkConnectionEnabled: false, pageLoadStrategy: normal, platform: WINDOWS, platformName: WINDOWS, proxy: Proxy(), setWindowRect: true, strictFileInteractability: false, timeouts: {implicit: 0, pageLoad: 300000, script: 30000}, unhandledPromptBehavior: dismiss and notify, webauthn:extension:credBlob: true, webauthn:extension:largeBlob: true, webauthn:virtualAuthenticators: true}
Session ID: 2287fa9ff0aa9345351f6b8534c535fe
*** Element info: {Using=id, value=user_info}]]>
            </message>
            <full-stacktrace>
              <![CDATA[org.openqa.selenium.NoSuchElementException: no such element: Unable to locate element: {"method":"css selector","selector":"#user_info"}
  (Session info: chrome=99.0.4844.51)
For documentation on this error, please visit: https://www.seleniumhq.org/exceptions/no_such_element.html
Build info: version: '3.141.59', revision: 'e82be7d358', time: '2018-11-14T08:17:03'
System info: host: 'OLADELE', ip: '192.168.153.1', os.name: 'Windows 8.1', os.arch: 'amd64', os.version: '6.3', java.version: '11.0.2'
Driver info: org.openqa.selenium.chrome.ChromeDriver
Capabilities {acceptInsecureCerts: false, browserName: chrome, browserVersion: 99.0.4844.51, chrome: {chromedriverVersion: 99.0.4844.51 (d537ec02474b5..., userDataDir: C:\Users\Julius\AppData\Loc...}, goog:chromeOptions: {debuggerAddress: localhost:62508}, javascriptEnabled: true, networkConnectionEnabled: false, pageLoadStrategy: normal, platform: WINDOWS, platformName: WINDOWS, proxy: Proxy(), setWindowRect: true, strictFileInteractability: false, timeouts: {implicit: 0, pageLoad: 300000, script: 30000}, unhandledPromptBehavior: dismiss and notify, webauthn:extension:credBlob: true, webauthn:extension:largeBlob: true, webauthn:virtualAuthenticators: true}
Session ID: 2287fa9ff0aa9345351f6b8534c535fe
*** Element info: {Using=id, value=user_info}
at java.base/jdk.internal.reflect.NativeConstructorAccessorImpl.newInstance0(Native Method)
at java.base/jdk.internal.reflect.NativeConstructorAccessorImpl.newInstance(NativeConstructorAccessorImpl.java:62)
at java.base/jdk.internal.reflect.DelegatingConstructorAccessorImpl.newInstance(DelegatingConstructorAccessorImpl.java:45)
at java.base/java.lang.reflect.Constructor.newInstance(Constructor.java:490)
at org.openqa.selenium.remote.http.W3CHttpResponseCodec.createException(W3CHttpResponseCodec.java:187)
at org.openqa.selenium.remote.http.W3CHttpResponseCodec.decode(W3CHttpResponseCodec.java:122)
at org.openqa.selenium.remote.http.W3CHttpResponseCodec.decode(W3CHttpResponseCodec.java:49)
at org.openqa.selenium.remote.HttpCommandExecutor.execute(HttpCommandExecutor.java:158)
at org.openqa.selenium.remote.service.DriverCommandExecutor.execute(DriverCommandExecutor.java:83)
at org.openqa.selenium.remote.RemoteWebDriver.execute(RemoteWebDriver.java:552)
at org.openqa.selenium.remote.RemoteWebDriver.findElement(RemoteWebDriver.java:323)
at org.openqa.selenium.remote.RemoteWebDriver.findElementById(RemoteWebDriver.java:372)
at org.openqa.selenium.By$ById.findElement(By.java:188)
at org.openqa.selenium.remote.RemoteWebDriver.findElement(RemoteWebDriver.java:315)
at org.openqa.selenium.support.pagefactory.DefaultElementLocator.findElement(DefaultElementLocator.java:69)
at org.openqa.selenium.support.pagefactory.internal.LocatingElementHandler.invoke(LocatingElementHandler.java:38)
at com.sun.proxy.$Proxy16.getText(Unknown Source)
at com.absoft.pages.MyAccountPage.isLoginSuccessfulFor(MyAccountPage.java:64)
at com.absoft.tests.MyAccountPageTest.testSuccessfulLogin(MyAccountPageTest.java:46)
at java.base/jdk.internal.reflect.NativeMethodAccessorImpl.invoke0(Native Method)
at java.base/jdk.internal.reflect.NativeMethodAccessorImpl.invoke(NativeMethodAccessorImpl.java:62)
at java.base/jdk.internal.reflect.DelegatingMethodAccessorImpl.invoke(DelegatingMethodAccessorImpl.java:43)
at java.base/java.lang.reflect.Method.invoke(Method.java:566)
at org.testng.internal.MethodInvocationHelper.invokeMethod(MethodInvocationHelper.java:124)
at org.testng.internal.Invoker.invokeMethod(Invoker.java:583)
at org.testng.internal.Invoker.invokeTestMethod(Invoker.java:719)
at org.testng.internal.Invoker.invokeTestMethods(Invoker.java:989)
at org.testng.internal.TestMethodWorker.invokeTestMethods(TestMethodWorker.java:125)
at org.testng.internal.TestMethodWorker.run(TestMethodWorker.java:109)
at org.testng.TestRunner.privateRun(TestRunner.java:648)
at org.testng.TestRunner.run(TestRunner.java:505)
at org.testng.SuiteRunner.runTest(SuiteRunner.java:455)
at org.testng.SuiteRunner.runSequentially(SuiteRunner.java:450)
at org.testng.SuiteRunner.privateRun(SuiteRunner.java:415)
at org.testng.SuiteRunner.run(SuiteRunner.java:364)
at org.testng.SuiteRunnerWorker.runSuite(SuiteRunnerWorker.java:52)
at org.testng.SuiteRunnerWorker.run(SuiteRunnerWorker.java:84)
at org.testng.TestNG.runSuitesSequentially(TestNG.java:1208)
at org.testng.TestNG.runSuitesLocally(TestNG.java:1137)
at org.testng.TestNG.runSuites(TestNG.java:1049)
at org.testng.TestNG.run(TestNG.java:1017)
at org.testng.remote.AbstractRemoteTestNG.run(AbstractRemoteTestNG.java:115)
at org.testng.remote.RemoteTestNG.initAndRun(RemoteTestNG.java:251)
at org.testng.remote.RemoteTestNG.main(RemoteTestNG.java:77)
]]>
            </full-stacktrace>
          </exception> <!-- org.openqa.selenium.NoSuchElementException -->
          <reporter-output>
          </reporter-output>
        </test-method> <!-- testSuccessfulLogin -->
        <test-method is-config="true" signature="testCleanUp(org.testng.ITestResult)[pri:0, instance:com.absoft.tests.MyAccountPageTest@6a370f4]" started-at="2022-03-05T14:48:47Z" name="testCleanUp" finished-at="2022-03-05T14:48:49Z" duration-ms="1915" status="PASS">
          <params>
            <param index="0">
              <value>
                <![CDATA[[TestResult name=testSuccessfulLogin status=FAILURE method=MyAccountPageTest.testSuccessfulLogin(java.lang.String, java.lang.String)[pri:0, instance:com.absoft.tests.MyAccountPageTest@6a370f4] output={null}]]]>
              </value>
            </param>
          </params>
          <reporter-output>
          </reporter-output>
        </test-method> <!-- testCleanUp -->
        <test-method is-config="true" signature="extentReportAfterMethod(org.testng.ITestResult)[pri:0, instance:com.absoft.tests.MyAccountPageTest@6a370f4]" started-at="2022-03-05T14:48:49Z" name="extentReportAfterMethod" finished-at="2022-03-05T14:48:50Z" depends-on-methods="com.absoft.tests.TestBase.testCleanUp" duration-ms="1312" status="PASS">
          <params>
            <param index="0">
              <value>
                <![CDATA[[TestResult name=testSuccessfulLogin status=FAILURE method=MyAccountPageTest.testSuccessfulLogin(java.lang.String, java.lang.String)[pri:0, instance:com.absoft.tests.MyAccountPageTest@6a370f4] output={null}]]]>
              </value>
            </param>
          </params>
          <reporter-output>
          </reporter-output>
        </test-method> <!-- extentReportAfterMethod -->
      </class> <!-- com.absoft.tests.MyAccountPageTest -->
    </test> <!-- MyAccount Feature -->
    <test started-at="2022-03-05T14:48:50Z" name="HomePage Feature" finished-at="2022-03-05T14:49:22Z" duration-ms="31800">
      <class name="com.absoft.tests.HomePageTest">
        <test-method is-config="true" signature="extentReportBeforeClass()[pri:0, instance:com.absoft.tests.HomePageTest@4944252c]" started-at="2022-03-05T14:48:50Z" name="extentReportBeforeClass" finished-at="2022-03-05T14:48:50Z" duration-ms="0" status="PASS">
          <reporter-output>
          </reporter-output>
        </test-method> <!-- extentReportBeforeClass -->
        <test-method is-config="true" signature="testSetup(java.lang.reflect.Method)[pri:0, instance:com.absoft.tests.HomePageTest@4944252c]" started-at="2022-03-05T14:48:50Z" name="testSetup" finished-at="2022-03-05T14:49:04Z" duration-ms="13554" status="PASS">
          <params>
            <param index="0">
              <value>
                <![CDATA[public void com.absoft.tests.HomePageTest.testHomePageLink1()]]>
              </value>
            </param>
          </params>
          <reporter-output>
          </reporter-output>
        </test-method> <!-- testSetup -->
        <test-method is-config="true" signature="extentReportBeforeMethod(java.lang.reflect.Method)[pri:0, instance:com.absoft.tests.HomePageTest@4944252c]" started-at="2022-03-05T14:48:50Z" name="extentReportBeforeMethod" finished-at="2022-03-05T14:48:50Z" duration-ms="0" status="PASS">
          <params>
            <param index="0">
              <value>
                <![CDATA[public void com.absoft.tests.HomePageTest.testHomePageLink1()]]>
              </value>
            </param>
          </params>
          <reporter-output>
          </reporter-output>
        </test-method> <!-- extentReportBeforeMethod -->
        <test-method signature="testHomePageLink1()[pri:0, instance:com.absoft.tests.HomePageTest@4944252c]" started-at="2022-03-05T14:49:04Z" name="testHomePageLink1" finished-at="2022-03-05T14:49:04Z" duration-ms="6" status="PASS">
          <reporter-output>
          </reporter-output>
        </test-method> <!-- testHomePageLink1 -->
        <test-method is-config="true" signature="testCleanUp(org.testng.ITestResult)[pri:0, instance:com.absoft.tests.HomePageTest@4944252c]" started-at="2022-03-05T14:49:04Z" name="testCleanUp" finished-at="2022-03-05T14:49:07Z" duration-ms="3212" status="PASS">
          <params>
            <param index="0">
              <value>
                <![CDATA[[TestResult name=testHomePageLink1 status=SUCCESS method=HomePageTest.testHomePageLink1()[pri:0, instance:com.absoft.tests.HomePageTest@4944252c] output={null}]]]>
              </value>
            </param>
          </params>
          <reporter-output>
          </reporter-output>
        </test-method> <!-- testCleanUp -->
        <test-method is-config="true" signature="extentReportAfterMethod(org.testng.ITestResult)[pri:0, instance:com.absoft.tests.HomePageTest@4944252c]" started-at="2022-03-05T14:49:07Z" name="extentReportAfterMethod" finished-at="2022-03-05T14:49:08Z" depends-on-methods="com.absoft.tests.TestBase.testCleanUp" duration-ms="1315" status="PASS">
          <params>
            <param index="0">
              <value>
                <![CDATA[[TestResult name=testHomePageLink1 status=SUCCESS method=HomePageTest.testHomePageLink1()[pri:0, instance:com.absoft.tests.HomePageTest@4944252c] output={null}]]]>
              </value>
            </param>
          </params>
          <reporter-output>
          </reporter-output>
        </test-method> <!-- extentReportAfterMethod -->
        <test-method is-config="true" signature="extentReportBeforeMethod(java.lang.reflect.Method)[pri:0, instance:com.absoft.tests.HomePageTest@4944252c]" started-at="2022-03-05T14:49:08Z" name="extentReportBeforeMethod" finished-at="2022-03-05T14:49:08Z" duration-ms="1" status="PASS">
          <params>
            <param index="0">
              <value>
                <![CDATA[public void com.absoft.tests.HomePageTest.testPageTitle()]]>
              </value>
            </param>
          </params>
          <reporter-output>
          </reporter-output>
        </test-method> <!-- extentReportBeforeMethod -->
        <test-method is-config="true" signature="testSetup(java.lang.reflect.Method)[pri:0, instance:com.absoft.tests.HomePageTest@4944252c]" started-at="2022-03-05T14:49:08Z" name="testSetup" finished-at="2022-03-05T14:49:20Z" duration-ms="11436" status="PASS">
          <params>
            <param index="0">
              <value>
                <![CDATA[public void com.absoft.tests.HomePageTest.testPageTitle()]]>
              </value>
            </param>
          </params>
          <reporter-output>
          </reporter-output>
        </test-method> <!-- testSetup -->
        <test-method signature="testPageTitle()[pri:1, instance:com.absoft.tests.HomePageTest@4944252c]" started-at="2022-03-05T14:49:20Z" name="testPageTitle" finished-at="2022-03-05T14:49:20Z" duration-ms="26" status="FAIL">
          <exception class="java.lang.AssertionError">
            <message>
              <![CDATA[ERROR: Page Title is NOT Correct expected [ABSoft Trainings – E-Commerce test web site | Home Page] but found [MeritPros Test1 Site | E-Commerce Test Web Site for MeritPros Students | Home Page]]]>
            </message>
            <full-stacktrace>
              <![CDATA[java.lang.AssertionError: ERROR: Page Title is NOT Correct expected [ABSoft Trainings – E-Commerce test web site | Home Page] but found [MeritPros Test1 Site | E-Commerce Test Web Site for MeritPros Students | Home Page]
at org.testng.Assert.fail(Assert.java:96)
at org.testng.Assert.failNotEquals(Assert.java:776)
at org.testng.Assert.assertEqualsImpl(Assert.java:137)
at org.testng.Assert.assertEquals(Assert.java:118)
at org.testng.Assert.assertEquals(Assert.java:453)
at com.absoft.tests.HomePageTest.testPageTitle(HomePageTest.java:25)
at java.base/jdk.internal.reflect.NativeMethodAccessorImpl.invoke0(Native Method)
at java.base/jdk.internal.reflect.NativeMethodAccessorImpl.invoke(NativeMethodAccessorImpl.java:62)
at java.base/jdk.internal.reflect.DelegatingMethodAccessorImpl.invoke(DelegatingMethodAccessorImpl.java:43)
at java.base/java.lang.reflect.Method.invoke(Method.java:566)
at org.testng.internal.MethodInvocationHelper.invokeMethod(MethodInvocationHelper.java:124)
at org.testng.internal.Invoker.invokeMethod(Invoker.java:583)
at org.testng.internal.Invoker.invokeTestMethod(Invoker.java:719)
at org.testng.internal.Invoker.invokeTestMethods(Invoker.java:989)
at org.testng.internal.TestMethodWorker.invokeTestMethods(TestMethodWorker.java:125)
at org.testng.internal.TestMethodWorker.run(TestMethodWorker.java:109)
at org.testng.TestRunner.privateRun(TestRunner.java:648)
at org.testng.TestRunner.run(TestRunner.java:505)
at org.testng.SuiteRunner.runTest(SuiteRunner.java:455)
at org.testng.SuiteRunner.runSequentially(SuiteRunner.java:450)
at org.testng.SuiteRunner.privateRun(SuiteRunner.java:415)
at org.testng.SuiteRunner.run(SuiteRunner.java:364)
at org.testng.SuiteRunnerWorker.runSuite(SuiteRunnerWorker.java:52)
at org.testng.SuiteRunnerWorker.run(SuiteRunnerWorker.java:84)
at org.testng.TestNG.runSuitesSequentially(TestNG.java:1208)
at org.testng.TestNG.runSuitesLocally(TestNG.java:1137)
at org.testng.TestNG.runSuites(TestNG.java:1049)
at org.testng.TestNG.run(TestNG.java:1017)
at org.testng.remote.AbstractRemoteTestNG.run(AbstractRemoteTestNG.java:115)
at org.testng.remote.RemoteTestNG.initAndRun(RemoteTestNG.java:251)
at org.testng.remote.RemoteTestNG.main(RemoteTestNG.java:77)
]]>
            </full-stacktrace>
          </exception> <!-- java.lang.AssertionError -->
          <reporter-output>
          </reporter-output>
        </test-method> <!-- testPageTitle -->
        <test-method is-config="true" signature="testCleanUp(org.testng.ITestResult)[pri:0, instance:com.absoft.tests.HomePageTest@4944252c]" started-at="2022-03-05T14:49:20Z" name="testCleanUp" finished-at="2022-03-05T14:49:22Z" duration-ms="1768" status="PASS">
          <params>
            <param index="0">
              <value>
                <![CDATA[[TestResult name=testPageTitle status=FAILURE method=HomePageTest.testPageTitle()[pri:1, instance:com.absoft.tests.HomePageTest@4944252c] output={null}]]]>
              </value>
            </param>
          </params>
          <reporter-output>
          </reporter-output>
        </test-method> <!-- testCleanUp -->
        <test-method is-config="true" signature="extentReportAfterMethod(org.testng.ITestResult)[pri:0, instance:com.absoft.tests.HomePageTest@4944252c]" started-at="2022-03-05T14:49:22Z" name="extentReportAfterMethod" finished-at="2022-03-05T14:49:22Z" depends-on-methods="com.absoft.tests.TestBase.testCleanUp" duration-ms="462" status="PASS">
          <params>
            <param index="0">
              <value>
                <![CDATA[[TestResult name=testPageTitle status=FAILURE method=HomePageTest.testPageTitle()[pri:1, instance:com.absoft.tests.HomePageTest@4944252c] output={null}]]]>
              </value>
            </param>
          </params>
          <reporter-output>
          </reporter-output>
        </test-method> <!-- extentReportAfterMethod -->
      </class> <!-- com.absoft.tests.HomePageTest -->
    </test> <!-- HomePage Feature -->
    <test started-at="2022-03-05T14:49:22Z" name="FirefoxTest" finished-at="2022-03-05T14:49:46Z" duration-ms="23838">
      <class name="com.absoft.tests.ShopPageTest">
        <test-method is-config="true" signature="extentReportBeforeClass()[pri:0, instance:com.absoft.tests.ShopPageTest@66498326]" started-at="2022-03-05T14:49:22Z" name="extentReportBeforeClass" finished-at="2022-03-05T14:49:22Z" duration-ms="0" status="PASS">
          <reporter-output>
          </reporter-output>
        </test-method> <!-- extentReportBeforeClass -->
        <test-method is-config="true" signature="extentReportBeforeMethod(java.lang.reflect.Method)[pri:0, instance:com.absoft.tests.ShopPageTest@66498326]" started-at="2022-03-05T14:49:22Z" name="extentReportBeforeMethod" finished-at="2022-03-05T14:49:22Z" duration-ms="1" status="PASS">
          <params>
            <param index="0">
              <value>
                <![CDATA[public void com.absoft.tests.ShopPageTest.testApplyingSortOrder(java.lang.String)]]>
              </value>
            </param>
          </params>
          <reporter-output>
          </reporter-output>
        </test-method> <!-- extentReportBeforeMethod -->
        <test-method is-config="true" signature="testSetup(java.lang.reflect.Method)[pri:0, instance:com.absoft.tests.ShopPageTest@66498326]" started-at="2022-03-05T14:49:22Z" name="testSetup" finished-at="2022-03-05T14:49:34Z" duration-ms="12130" status="PASS">
          <params>
            <param index="0">
              <value>
                <![CDATA[public void com.absoft.tests.ShopPageTest.testApplyingSortOrder(java.lang.String)]]>
              </value>
            </param>
          </params>
          <reporter-output>
          </reporter-output>
        </test-method> <!-- testSetup -->
        <test-method signature="testApplyingSortOrder(java.lang.String)[pri:0, instance:com.absoft.tests.ShopPageTest@66498326]" started-at="2022-03-05T14:49:34Z" name="testApplyingSortOrder" data-provider="dataProvider" finished-at="2022-03-05T14:49:38Z" duration-ms="3206" status="PASS">
          <params>
            <param index="0">
              <value>
                <![CDATA[Sort by average rating]]>
              </value>
            </param>
          </params>
          <reporter-output>
          </reporter-output>
        </test-method> <!-- testApplyingSortOrder -->
        <test-method is-config="true" signature="testCleanUp(org.testng.ITestResult)[pri:0, instance:com.absoft.tests.ShopPageTest@66498326]" started-at="2022-03-05T14:49:38Z" name="testCleanUp" finished-at="2022-03-05T14:49:45Z" duration-ms="7721" status="PASS">
          <params>
            <param index="0">
              <value>
                <![CDATA[[TestResult name=testApplyingSortOrder status=SUCCESS method=ShopPageTest.testApplyingSortOrder(java.lang.String)[pri:0, instance:com.absoft.tests.ShopPageTest@66498326] output={null}]]]>
              </value>
            </param>
          </params>
          <reporter-output>
          </reporter-output>
        </test-method> <!-- testCleanUp -->
        <test-method is-config="true" signature="extentReportAfterMethod(org.testng.ITestResult)[pri:0, instance:com.absoft.tests.ShopPageTest@66498326]" started-at="2022-03-05T14:49:45Z" name="extentReportAfterMethod" finished-at="2022-03-05T14:49:46Z" depends-on-methods="com.absoft.tests.TestBase.testCleanUp" duration-ms="602" status="PASS">
          <params>
            <param index="0">
              <value>
                <![CDATA[[TestResult name=testApplyingSortOrder status=SUCCESS method=ShopPageTest.testApplyingSortOrder(java.lang.String)[pri:0, instance:com.absoft.tests.ShopPageTest@66498326] output={null}]]]>
              </value>
            </param>
          </params>
          <reporter-output>
          </reporter-output>
        </test-method> <!-- extentReportAfterMethod -->
      </class> <!-- com.absoft.tests.ShopPageTest -->
    </test> <!-- FirefoxTest -->
    <test started-at="2022-03-05T14:49:46Z" name="EdgeTest" finished-at="2022-03-05T14:50:19Z" duration-ms="32759">
      <class name="com.absoft.tests.ShopPageTest">
        <test-method is-config="true" signature="beforeSuite()[pri:0, instance:com.absoft.tests.ShopPageTest@27ff5d15]" started-at="2022-03-05T14:47:17Z" name="beforeSuite" finished-at="2022-03-05T14:47:18Z" duration-ms="1008" status="PASS">
          <reporter-output>
          </reporter-output>
        </test-method> <!-- beforeSuite -->
        <test-method is-config="true" signature="extentReportBeforeClass()[pri:0, instance:com.absoft.tests.ShopPageTest@27ff5d15]" started-at="2022-03-05T14:49:46Z" name="extentReportBeforeClass" finished-at="2022-03-05T14:49:46Z" duration-ms="0" status="PASS">
          <reporter-output>
          </reporter-output>
        </test-method> <!-- extentReportBeforeClass -->
        <test-method is-config="true" signature="extentReportBeforeMethod(java.lang.reflect.Method)[pri:0, instance:com.absoft.tests.ShopPageTest@27ff5d15]" started-at="2022-03-05T14:49:46Z" name="extentReportBeforeMethod" finished-at="2022-03-05T14:49:46Z" duration-ms="0" status="PASS">
          <params>
            <param index="0">
              <value>
                <![CDATA[public void com.absoft.tests.ShopPageTest.testApplyingSortOrder(java.lang.String)]]>
              </value>
            </param>
          </params>
          <reporter-output>
          </reporter-output>
        </test-method> <!-- extentReportBeforeMethod -->
        <test-method is-config="true" signature="testSetup(java.lang.reflect.Method)[pri:0, instance:com.absoft.tests.ShopPageTest@27ff5d15]" started-at="2022-03-05T14:49:46Z" name="testSetup" finished-at="2022-03-05T14:50:13Z" duration-ms="26594" status="PASS">
          <params>
            <param index="0">
              <value>
                <![CDATA[public void com.absoft.tests.ShopPageTest.testApplyingSortOrder(java.lang.String)]]>
              </value>
            </param>
          </params>
          <reporter-output>
          </reporter-output>
        </test-method> <!-- testSetup -->
        <test-method signature="testApplyingSortOrder(java.lang.String)[pri:0, instance:com.absoft.tests.ShopPageTest@27ff5d15]" started-at="2022-03-05T14:50:13Z" name="testApplyingSortOrder" data-provider="dataProvider" finished-at="2022-03-05T14:50:16Z" duration-ms="3622" status="PASS">
          <params>
            <param index="0">
              <value>
                <![CDATA[Sort by average rating]]>
              </value>
            </param>
          </params>
          <reporter-output>
          </reporter-output>
        </test-method> <!-- testApplyingSortOrder -->
        <test-method is-config="true" signature="testCleanUp(org.testng.ITestResult)[pri:0, instance:com.absoft.tests.ShopPageTest@27ff5d15]" started-at="2022-03-05T14:50:16Z" name="testCleanUp" finished-at="2022-03-05T14:50:18Z" duration-ms="1323" status="PASS">
          <params>
            <param index="0">
              <value>
                <![CDATA[[TestResult name=testApplyingSortOrder status=SUCCESS method=ShopPageTest.testApplyingSortOrder(java.lang.String)[pri:0, instance:com.absoft.tests.ShopPageTest@27ff5d15] output={null}]]]>
              </value>
            </param>
          </params>
          <reporter-output>
          </reporter-output>
        </test-method> <!-- testCleanUp -->
        <test-method is-config="true" signature="extentReportAfterMethod(org.testng.ITestResult)[pri:0, instance:com.absoft.tests.ShopPageTest@27ff5d15]" started-at="2022-03-05T14:50:18Z" name="extentReportAfterMethod" finished-at="2022-03-05T14:50:19Z" depends-on-methods="com.absoft.tests.TestBase.testCleanUp" duration-ms="1001" status="PASS">
          <params>
            <param index="0">
              <value>
                <![CDATA[[TestResult name=testApplyingSortOrder status=SUCCESS method=ShopPageTest.testApplyingSortOrder(java.lang.String)[pri:0, instance:com.absoft.tests.ShopPageTest@27ff5d15] output={null}]]]>
              </value>
            </param>
          </params>
          <reporter-output>
          </reporter-output>
        </test-method> <!-- extentReportAfterMethod -->
      </class> <!-- com.absoft.tests.ShopPageTest -->
    </test> <!-- EdgeTest -->
  </suite> <!-- RegressionSuite -->
</testng-results>
